<?xml version="1.0" encoding="UTF-8"?>
<!-- Generated by org.testng.reporters.JUnitXMLReporter -->
<testsuite ignored="2" hostname="DESKTOP-Q0GEFUM" failures="0" tests="1" name="Default test" time="3.976" errors="0" timestamp="2022-07-14T18:47:46 IST">
  <testcase classname="com.qa.freecrm.tests.AccountPageTest" name="selectCurrencyTest" time="0.364"/>
  <testcase classname="com.qa.freecrm.tests.AccountPageTest" name="verifyAccountPageHeadersTest" time="0.0">
    <ignored/>
  </testcase> <!-- verifyAccountPageHeadersTest -->
  <testcase classname="com.qa.freecrm.tests.AccountPageTest" name="verifyAccountPageTitleTest" time="0.0">
    <ignored/>
  </testcase> <!-- verifyAccountPageTitleTest -->
</testsuite> <!-- Default test -->
