<?xml version="1.0" encoding="UTF-8"?>
<!-- Generated by org.testng.reporters.JUnitXMLReporter -->
<testsuite ignored="0" hostname="DESKTOP-Q0GEFUM" failures="0" tests="3" name="free crm AccountPageTest chrome_90" time="3.61" errors="0" timestamp="2022-07-23T16:23:54 IST">
  <testcase classname="com.qa.freecrm.tests.AccountPageTest" name="selectCurrencyTest" time="0.524"/>
  <testcase classname="com.qa.freecrm.tests.AccountPageTest" name="verifyAccountPageHeadersTest" time="0.067"/>
  <testcase classname="com.qa.freecrm.tests.AccountPageTest" name="verifyAccountPageTitleTest" time="0.008"/>
</testsuite> <!-- free crm AccountPageTest chrome_90 -->
