<?xml version="1.0" encoding="UTF-8"?>
<!-- Generated by org.testng.reporters.JUnitXMLReporter -->
<testsuite ignored="4" hostname="DESKTOP-Q0GEFUM" failures="5" tests="7" name="Test" time="8.123" errors="0" timestamp="2022-07-14T16:15:04 IST">
  <testcase classname="com.qa.freecrm.tests.AccountPageTest" name="verifyAccountPageHeadersTest" time="0.18"/>
  <testcase classname="com.qa.freecrm.tests.AccountPageTest" name="verifyAccountPageTitleTest" time="0.009"/>
  <testcase classname="com.qa.freecrm.tests.LoginPageTest" name="verifyDoLoginTest" time="0.003">
    <failure type="java.lang.NullPointerException" message="Cannot invoke &amp;quot;java.util.Properties.getProperty(String)&amp;quot; because &amp;quot;this.prop&amp;quot; is null">
      <![CDATA[java.lang.NullPointerException: Cannot invoke "java.util.Properties.getProperty(String)" because "this.prop" is null
at com.qa.freecrm.tests.LoginPageTest.verifyDoLoginTest(LoginPageTest.java:40)
at java.base/java.util.ArrayList.forEach(ArrayList.java:1511)
... Removed 27 stack frames]]>
    </failure>
  </testcase> <!-- verifyDoLoginTest -->
  <testcase classname="com.qa.freecrm.tests.LoginPageTest" name="verifyLoginPageTilesTest" time="0.003">
    <failure type="java.lang.NullPointerException" message="Cannot invoke &amp;quot;com.qa.freecrm.pages.LoginPage.getLoginPageTiles()&amp;quot; because &amp;quot;this.loginpage&amp;quot; is null">
      <![CDATA[java.lang.NullPointerException: Cannot invoke "com.qa.freecrm.pages.LoginPage.getLoginPageTiles()" because "this.loginpage" is null
at com.qa.freecrm.tests.LoginPageTest.verifyLoginPageTilesTest(LoginPageTest.java:32)
at java.base/java.util.ArrayList.forEach(ArrayList.java:1511)
... Removed 27 stack frames]]>
    </failure>
  </testcase> <!-- verifyLoginPageTilesTest -->
  <testcase classname="com.qa.freecrm.tests.LoginPageTest" name="verifyLoginPageTitleTest" time="0.003">
    <failure type="java.lang.NullPointerException" message="Cannot invoke &amp;quot;com.qa.freecrm.pages.LoginPage.getLoginPageTitleTest()&amp;quot; because &amp;quot;this.loginpage&amp;quot; is null">
      <![CDATA[java.lang.NullPointerException: Cannot invoke "com.qa.freecrm.pages.LoginPage.getLoginPageTitleTest()" because "this.loginpage" is null
at com.qa.freecrm.tests.LoginPageTest.verifyLoginPageTitleTest(LoginPageTest.java:14)
at java.base/java.util.ArrayList.forEach(ArrayList.java:1511)
... Removed 27 stack frames]]>
    </failure>
  </testcase> <!-- verifyLoginPageTitleTest -->
  <testcase classname="com.qa.freecrm.tests.LoginPageTest" name="verifyisForgotPasswordLinkTest" time="0.004">
    <failure type="java.lang.NullPointerException" message="Cannot invoke &amp;quot;com.qa.freecrm.pages.LoginPage.getisForgotPasswordLink()&amp;quot; because &amp;quot;this.loginpage&amp;quot; is null">
      <![CDATA[java.lang.NullPointerException: Cannot invoke "com.qa.freecrm.pages.LoginPage.getisForgotPasswordLink()" because "this.loginpage" is null
at com.qa.freecrm.tests.LoginPageTest.verifyisForgotPasswordLinkTest(LoginPageTest.java:26)
at java.base/java.util.ArrayList.forEach(ArrayList.java:1511)
... Removed 27 stack frames]]>
    </failure>
  </testcase> <!-- verifyisForgotPasswordLinkTest -->
  <testcase classname="com.qa.freecrm.tests.LoginPageTest" name="verifytReturningCustomerTitleTest" time="0.003">
    <failure type="java.lang.NullPointerException" message="Cannot invoke &amp;quot;com.qa.freecrm.pages.LoginPage.getReturningCustomerTitle()&amp;quot; because &amp;quot;this.loginpage&amp;quot; is null">
      <![CDATA[java.lang.NullPointerException: Cannot invoke "com.qa.freecrm.pages.LoginPage.getReturningCustomerTitle()" because "this.loginpage" is null
at com.qa.freecrm.tests.LoginPageTest.verifytReturningCustomerTitleTest(LoginPageTest.java:21)
at java.base/java.util.ArrayList.forEach(ArrayList.java:1511)
... Removed 27 stack frames]]>
    </failure>
  </testcase> <!-- verifytReturningCustomerTitleTest -->
  <testcase classname="com.qa.freecrm.tests.BaseTest" name="@AfterTest tearDown" time="0.0">
    <ignored/>
  </testcase> <!-- @AfterTest tearDown -->
  <testcase classname="com.qa.freecrm.tests.BaseTest" name="@AfterTest tearDown" time="0.0">
    <ignored/>
  </testcase> <!-- @AfterTest tearDown -->
  <testcase classname="com.qa.freecrm.tests.BaseTest" name="@BeforeTest setUp" time="0.0">
    <ignored/>
  </testcase> <!-- @BeforeTest setUp -->
  <testcase classname="com.qa.freecrm.tests.BaseTest" name="@BeforeTest setUp" time="0.0">
    <ignored/>
  </testcase> <!-- @BeforeTest setUp -->
</testsuite> <!-- Test -->
