<?xml version="1.0" encoding="UTF-8"?>
<testng-results ignored="4" total="4" passed="0" failed="0" skipped="0">
  <reporter-output>
  </reporter-output>
  <suite started-at="2022-06-24T17:17:58 IST" name="Default suite" finished-at="2022-06-24T17:18:02 IST" duration-ms="3659">
    <groups>
    </groups>
    <test started-at="2022-06-24T17:17:58 IST" name="Default test" finished-at="2022-06-24T17:18:02 IST" duration-ms="3659">
      <class name="com.qa.freecrm.tests.LoginPageTest">
        <test-method is-config="true" signature="setUp()[pri:0, instance:com.qa.freecrm.tests.LoginPageTest@7ceb3185]" started-at="2022-06-24T17:17:58 IST" name="setUp" finished-at="2022-06-24T17:18:01 IST" duration-ms="3455" status="PASS">
          <reporter-output>
          </reporter-output>
        </test-method> <!-- setUp -->
        <test-method is-config="true" signature="tearDown()[pri:0, instance:com.qa.freecrm.tests.LoginPageTest@7ceb3185]" started-at="2022-06-24T17:18:01 IST" name="tearDown" finished-at="2022-06-24T17:18:02 IST" duration-ms="183" status="PASS">
          <reporter-output>
          </reporter-output>
        </test-method> <!-- tearDown -->
      </class> <!-- com.qa.freecrm.tests.LoginPageTest -->
    </test> <!-- Default test -->
  </suite> <!-- Default suite -->
</testng-results>
